mode: set
github.com/outofoffice3/aws-samples/aws-config-iam-policy-scan/internal/worker/configevaluationworker.go:44.102,48.16 2 1
github.com/outofoffice3/aws-samples/aws-config-iam-policy-scan/internal/worker/configevaluationworker.go:48.16,50.3 1 1
github.com/outofoffice3/aws-samples/aws-config-iam-policy-scan/internal/worker/configevaluationworker.go:53.2,53.29 1 1
github.com/outofoffice3/aws-samples/aws-config-iam-policy-scan/internal/worker/configevaluationworker.go:53.29,55.17 2 1
github.com/outofoffice3/aws-samples/aws-config-iam-policy-scan/internal/worker/configevaluationworker.go:55.17,57.4 1 1
github.com/outofoffice3/aws-samples/aws-config-iam-policy-scan/internal/worker/configevaluationworker.go:61.2,61.51 1 1
github.com/outofoffice3/aws-samples/aws-config-iam-policy-scan/internal/worker/configevaluationworker.go:61.51,64.3 2 1
github.com/outofoffice3/aws-samples/aws-config-iam-policy-scan/internal/worker/configevaluationworker.go:67.2,67.50 1 1
github.com/outofoffice3/aws-samples/aws-config-iam-policy-scan/internal/worker/configevaluationworker.go:67.50,70.3 2 1
github.com/outofoffice3/aws-samples/aws-config-iam-policy-scan/internal/worker/configevaluationworker.go:73.2,89.36 4 1
github.com/outofoffice3/aws-samples/aws-config-iam-policy-scan/internal/worker/configevaluationworker.go:93.63,109.26 11 1
github.com/outofoffice3/aws-samples/aws-config-iam-policy-scan/internal/worker/configevaluationworker.go:109.26,120.3 2 1
github.com/outofoffice3/aws-samples/aws-config-iam-policy-scan/internal/worker/configevaluationworker.go:123.2,123.52 1 1
github.com/outofoffice3/aws-samples/aws-config-iam-policy-scan/internal/worker/configevaluationworker.go:123.52,129.17 2 0
github.com/outofoffice3/aws-samples/aws-config-iam-policy-scan/internal/worker/configevaluationworker.go:129.17,131.4 1 0
github.com/outofoffice3/aws-samples/aws-config-iam-policy-scan/internal/worker/configevaluationworker.go:132.3,133.60 2 0
github.com/outofoffice3/aws-samples/aws-config-iam-policy-scan/internal/worker/configevaluationworker.go:138.47,148.36 8 1
github.com/outofoffice3/aws-samples/aws-config-iam-policy-scan/internal/worker/configevaluationworker.go:148.36,150.3 1 1
github.com/outofoffice3/aws-samples/aws-config-iam-policy-scan/internal/worker/configevaluationworker.go:153.2,153.36 1 1
github.com/outofoffice3/aws-samples/aws-config-iam-policy-scan/internal/worker/configevaluationworker.go:153.36,159.17 2 0
github.com/outofoffice3/aws-samples/aws-config-iam-policy-scan/internal/worker/configevaluationworker.go:159.17,161.4 1 0
github.com/outofoffice3/aws-samples/aws-config-iam-policy-scan/internal/worker/configevaluationworker.go:162.3,163.60 2 0
github.com/outofoffice3/aws-samples/aws-config-iam-policy-scan/internal/worker/configevaluationworker.go:167.2,167.24 1 1
github.com/outofoffice3/aws-samples/aws-config-iam-policy-scan/internal/worker/configevaluationworker.go:167.24,169.3 1 1
github.com/outofoffice3/aws-samples/aws-config-iam-policy-scan/internal/worker/configevaluationworker.go:171.2,171.72 1 1
github.com/outofoffice3/aws-samples/aws-config-iam-policy-scan/internal/worker/csvworker.go:48.64,49.51 1 1
github.com/outofoffice3/aws-samples/aws-config-iam-policy-scan/internal/worker/csvworker.go:49.51,52.3 2 1
github.com/outofoffice3/aws-samples/aws-config-iam-policy-scan/internal/worker/csvworker.go:55.2,55.69 1 1
github.com/outofoffice3/aws-samples/aws-config-iam-policy-scan/internal/worker/csvworker.go:55.69,57.3 1 1
github.com/outofoffice3/aws-samples/aws-config-iam-policy-scan/internal/worker/csvworker.go:58.2,58.73 1 1
github.com/outofoffice3/aws-samples/aws-config-iam-policy-scan/internal/worker/csvworker.go:58.73,60.3 1 1
github.com/outofoffice3/aws-samples/aws-config-iam-policy-scan/internal/worker/csvworker.go:61.2,61.40 1 1
github.com/outofoffice3/aws-samples/aws-config-iam-policy-scan/internal/worker/csvworker.go:61.40,63.3 1 1
github.com/outofoffice3/aws-samples/aws-config-iam-policy-scan/internal/worker/csvworker.go:64.2,64.43 1 1
github.com/outofoffice3/aws-samples/aws-config-iam-policy-scan/internal/worker/csvworker.go:64.43,66.3 1 1
github.com/outofoffice3/aws-samples/aws-config-iam-policy-scan/internal/worker/csvworker.go:69.2,71.16 2 1
github.com/outofoffice3/aws-samples/aws-config-iam-policy-scan/internal/worker/csvworker.go:71.16,73.3 1 1
github.com/outofoffice3/aws-samples/aws-config-iam-policy-scan/internal/worker/csvworker.go:75.2,80.69 4 1
github.com/outofoffice3/aws-samples/aws-config-iam-policy-scan/internal/worker/csvworker.go:80.69,82.3 1 0
github.com/outofoffice3/aws-samples/aws-config-iam-policy-scan/internal/worker/csvworker.go:84.2,95.23 4 1
github.com/outofoffice3/aws-samples/aws-config-iam-policy-scan/internal/worker/csvworker.go:99.58,105.58 5 1
github.com/outofoffice3/aws-samples/aws-config-iam-policy-scan/internal/worker/csvworker.go:105.58,107.3 1 0
github.com/outofoffice3/aws-samples/aws-config-iam-policy-scan/internal/worker/csvworker.go:111.41,118.42 4 1
github.com/outofoffice3/aws-samples/aws-config-iam-policy-scan/internal/worker/csvworker.go:118.42,120.3 1 0
github.com/outofoffice3/aws-samples/aws-config-iam-policy-scan/internal/worker/csvworker.go:121.2,124.39 2 1
github.com/outofoffice3/aws-samples/aws-config-iam-policy-scan/internal/worker/csvworker.go:124.39,127.17 3 1
github.com/outofoffice3/aws-samples/aws-config-iam-policy-scan/internal/worker/csvworker.go:127.17,130.4 2 0
github.com/outofoffice3/aws-samples/aws-config-iam-policy-scan/internal/worker/csvworker.go:131.3,134.17 3 1
github.com/outofoffice3/aws-samples/aws-config-iam-policy-scan/internal/worker/csvworker.go:134.17,137.4 2 0
github.com/outofoffice3/aws-samples/aws-config-iam-policy-scan/internal/worker/csvworker.go:138.3,138.81 1 1
github.com/outofoffice3/aws-samples/aws-config-iam-policy-scan/internal/worker/csvworker.go:142.2,142.36 1 1
github.com/outofoffice3/aws-samples/aws-config-iam-policy-scan/internal/worker/csvworker.go:142.36,154.17 7 1
github.com/outofoffice3/aws-samples/aws-config-iam-policy-scan/internal/worker/csvworker.go:154.17,157.4 2 0
github.com/outofoffice3/aws-samples/aws-config-iam-policy-scan/internal/worker/custompolicyscanworker.go:44.68,46.72 1 1
github.com/outofoffice3/aws-samples/aws-config-iam-policy-scan/internal/worker/custompolicyscanworker.go:46.72,48.3 1 1
github.com/outofoffice3/aws-samples/aws-config-iam-policy-scan/internal/worker/custompolicyscanworker.go:49.2,53.8 1 1
github.com/outofoffice3/aws-samples/aws-config-iam-policy-scan/internal/worker/custompolicyscanworker.go:71.49,73.2 1 1
github.com/outofoffice3/aws-samples/aws-config-iam-policy-scan/internal/worker/custompolicyscanworker.go:76.49,78.2 1 1
github.com/outofoffice3/aws-samples/aws-config-iam-policy-scan/internal/worker/custompolicyscanworker.go:81.48,83.2 1 1
github.com/outofoffice3/aws-samples/aws-config-iam-policy-scan/internal/worker/custompolicyscanworker.go:86.111,89.123 1 1
github.com/outofoffice3/aws-samples/aws-config-iam-policy-scan/internal/worker/custompolicyscanworker.go:89.123,91.3 1 0
github.com/outofoffice3/aws-samples/aws-config-iam-policy-scan/internal/worker/custompolicyscanworker.go:93.2,107.12 5 1
github.com/outofoffice3/aws-samples/aws-config-iam-policy-scan/internal/worker/custompolicyscanworker.go:107.12,109.7 2 1
github.com/outofoffice3/aws-samples/aws-config-iam-policy-scan/internal/worker/custompolicyscanworker.go:109.7,110.11 1 1
github.com/outofoffice3/aws-samples/aws-config-iam-policy-scan/internal/worker/custompolicyscanworker.go:111.45,112.5 1 1
github.com/outofoffice3/aws-samples/aws-config-iam-policy-scan/internal/worker/custompolicyscanworker.go:112.5,114.6 1 1
github.com/outofoffice3/aws-samples/aws-config-iam-policy-scan/internal/worker/custompolicyscanworker.go:115.16,116.5 1 1
github.com/outofoffice3/aws-samples/aws-config-iam-policy-scan/internal/worker/custompolicyscanworker.go:116.5,119.6 2 1
github.com/outofoffice3/aws-samples/aws-config-iam-policy-scan/internal/worker/custompolicyscanworker.go:125.2,129.12 3 1
github.com/outofoffice3/aws-samples/aws-config-iam-policy-scan/internal/worker/custompolicyscanworker.go:129.12,133.3 3 1
github.com/outofoffice3/aws-samples/aws-config-iam-policy-scan/internal/worker/custompolicyscanworker.go:135.2,150.12 6 1
github.com/outofoffice3/aws-samples/aws-config-iam-policy-scan/internal/worker/custompolicyscanworker.go:161.103,168.43 2 1
github.com/outofoffice3/aws-samples/aws-config-iam-policy-scan/internal/worker/custompolicyscanworker.go:168.43,169.17 1 1
github.com/outofoffice3/aws-samples/aws-config-iam-policy-scan/internal/worker/custompolicyscanworker.go:169.17,171.4 1 1
github.com/outofoffice3/aws-samples/aws-config-iam-policy-scan/internal/worker/custompolicyscanworker.go:172.3,172.36 1 1
github.com/outofoffice3/aws-samples/aws-config-iam-policy-scan/internal/worker/custompolicyscanworker.go:173.24,174.4 1 1
github.com/outofoffice3/aws-samples/aws-config-iam-policy-scan/internal/worker/custompolicyscanworker.go:174.4,177.5 2 1
github.com/outofoffice3/aws-samples/aws-config-iam-policy-scan/internal/worker/custompolicyscanworker.go:178.20,179.4 1 1
github.com/outofoffice3/aws-samples/aws-config-iam-policy-scan/internal/worker/custompolicyscanworker.go:179.4,181.5 1 1
github.com/outofoffice3/aws-samples/aws-config-iam-policy-scan/internal/worker/custompolicyscanworker.go:182.11,183.4 1 0
github.com/outofoffice3/aws-samples/aws-config-iam-policy-scan/internal/worker/custompolicyscanworker.go:183.4,185.5 1 0
github.com/outofoffice3/aws-samples/aws-config-iam-policy-scan/internal/worker/custompolicyscanworker.go:188.2,194.8 1 1
github.com/outofoffice3/aws-samples/aws-config-iam-policy-scan/internal/worker/custompolicyscanworker.go:197.113,201.45 2 1
github.com/outofoffice3/aws-samples/aws-config-iam-policy-scan/internal/worker/custompolicyscanworker.go:202.25,203.3 1 1
github.com/outofoffice3/aws-samples/aws-config-iam-policy-scan/internal/worker/custompolicyscanworker.go:203.3,208.4 3 1
github.com/outofoffice3/aws-samples/aws-config-iam-policy-scan/internal/worker/custompolicyscanworker.go:209.25,210.3 1 1
github.com/outofoffice3/aws-samples/aws-config-iam-policy-scan/internal/worker/custompolicyscanworker.go:210.3,215.4 3 1
github.com/outofoffice3/aws-samples/aws-config-iam-policy-scan/internal/worker/custompolicyscanworker.go:216.10,217.3 1 0
github.com/outofoffice3/aws-samples/aws-config-iam-policy-scan/internal/worker/custompolicyscanworker.go:217.3,219.4 1 0
github.com/outofoffice3/aws-samples/aws-config-iam-policy-scan/internal/worker/custompolicyscanworker.go:223.95,228.47 2 1
github.com/outofoffice3/aws-samples/aws-config-iam-policy-scan/internal/worker/custompolicyscanworker.go:228.47,230.17 2 1
github.com/outofoffice3/aws-samples/aws-config-iam-policy-scan/internal/worker/custompolicyscanworker.go:230.17,234.4 3 1
github.com/outofoffice3/aws-samples/aws-config-iam-policy-scan/internal/worker/custompolicyscanworker.go:236.3,236.65 1 1
github.com/outofoffice3/aws-samples/aws-config-iam-policy-scan/internal/worker/custompolicyscanworker.go:236.65,242.18 2 1
github.com/outofoffice3/aws-samples/aws-config-iam-policy-scan/internal/worker/custompolicyscanworker.go:242.18,260.13 2 1
github.com/outofoffice3/aws-samples/aws-config-iam-policy-scan/internal/worker/custompolicyscanworker.go:264.4,264.26 1 1
github.com/outofoffice3/aws-samples/aws-config-iam-policy-scan/internal/worker/custompolicyscanworker.go:264.26,269.11 2 1
github.com/outofoffice3/aws-samples/aws-config-iam-policy-scan/internal/worker/custompolicyscanworker.go:269.11,282.14 6 1
github.com/outofoffice3/aws-samples/aws-config-iam-policy-scan/internal/worker/custompolicyscanworker.go:284.5,284.47 1 1
github.com/outofoffice3/aws-samples/aws-config-iam-policy-scan/internal/worker/custompolicyscanworker.go:288.4,301.26 3 1
github.com/outofoffice3/aws-samples/aws-config-iam-policy-scan/internal/worker/custompolicyscanworker.go:301.26,311.13 3 1
github.com/outofoffice3/aws-samples/aws-config-iam-policy-scan/internal/worker/custompolicyscanworker.go:313.4,315.12 3 1
github.com/outofoffice3/aws-samples/aws-config-iam-policy-scan/internal/worker/custompolicyscanworker.go:320.95,324.47 2 1
github.com/outofoffice3/aws-samples/aws-config-iam-policy-scan/internal/worker/custompolicyscanworker.go:324.47,326.17 2 1
github.com/outofoffice3/aws-samples/aws-config-iam-policy-scan/internal/worker/custompolicyscanworker.go:326.17,329.4 2 1
github.com/outofoffice3/aws-samples/aws-config-iam-policy-scan/internal/worker/custompolicyscanworker.go:330.3,330.65 1 1
github.com/outofoffice3/aws-samples/aws-config-iam-policy-scan/internal/worker/custompolicyscanworker.go:330.65,338.18 2 1
github.com/outofoffice3/aws-samples/aws-config-iam-policy-scan/internal/worker/custompolicyscanworker.go:338.18,356.13 2 1
github.com/outofoffice3/aws-samples/aws-config-iam-policy-scan/internal/worker/custompolicyscanworker.go:360.4,360.26 1 1
github.com/outofoffice3/aws-samples/aws-config-iam-policy-scan/internal/worker/custompolicyscanworker.go:360.26,365.11 2 1
github.com/outofoffice3/aws-samples/aws-config-iam-policy-scan/internal/worker/custompolicyscanworker.go:365.11,378.14 6 1
github.com/outofoffice3/aws-samples/aws-config-iam-policy-scan/internal/worker/custompolicyscanworker.go:380.5,380.47 1 1
github.com/outofoffice3/aws-samples/aws-config-iam-policy-scan/internal/worker/custompolicyscanworker.go:384.4,397.26 3 1
github.com/outofoffice3/aws-samples/aws-config-iam-policy-scan/internal/worker/custompolicyscanworker.go:397.26,409.13 4 1
github.com/outofoffice3/aws-samples/aws-config-iam-policy-scan/internal/worker/custompolicyscanworker.go:411.4,413.12 3 1
github.com/outofoffice3/aws-samples/aws-config-iam-policy-scan/internal/worker/custompolicyscanworker.go:418.114,421.45 2 1
github.com/outofoffice3/aws-samples/aws-config-iam-policy-scan/internal/worker/custompolicyscanworker.go:422.25,423.3 1 1
github.com/outofoffice3/aws-samples/aws-config-iam-policy-scan/internal/worker/custompolicyscanworker.go:423.3,427.4 2 1
github.com/outofoffice3/aws-samples/aws-config-iam-policy-scan/internal/worker/custompolicyscanworker.go:428.25,429.3 1 1
github.com/outofoffice3/aws-samples/aws-config-iam-policy-scan/internal/worker/custompolicyscanworker.go:429.3,433.4 2 1
github.com/outofoffice3/aws-samples/aws-config-iam-policy-scan/internal/worker/custompolicyscanworker.go:437.96,443.55 2 1
github.com/outofoffice3/aws-samples/aws-config-iam-policy-scan/internal/worker/custompolicyscanworker.go:443.55,445.17 2 1
github.com/outofoffice3/aws-samples/aws-config-iam-policy-scan/internal/worker/custompolicyscanworker.go:445.17,448.4 2 1
github.com/outofoffice3/aws-samples/aws-config-iam-policy-scan/internal/worker/custompolicyscanworker.go:450.3,450.86 1 1
github.com/outofoffice3/aws-samples/aws-config-iam-policy-scan/internal/worker/custompolicyscanworker.go:450.86,457.18 2 1
github.com/outofoffice3/aws-samples/aws-config-iam-policy-scan/internal/worker/custompolicyscanworker.go:457.18,475.13 2 1
github.com/outofoffice3/aws-samples/aws-config-iam-policy-scan/internal/worker/custompolicyscanworker.go:479.4,479.26 1 1
github.com/outofoffice3/aws-samples/aws-config-iam-policy-scan/internal/worker/custompolicyscanworker.go:479.26,484.11 2 1
github.com/outofoffice3/aws-samples/aws-config-iam-policy-scan/internal/worker/custompolicyscanworker.go:484.11,496.14 6 1
github.com/outofoffice3/aws-samples/aws-config-iam-policy-scan/internal/worker/custompolicyscanworker.go:498.5,498.67 1 1
github.com/outofoffice3/aws-samples/aws-config-iam-policy-scan/internal/worker/custompolicyscanworker.go:502.4,515.26 3 1
github.com/outofoffice3/aws-samples/aws-config-iam-policy-scan/internal/worker/custompolicyscanworker.go:515.26,526.13 4 1
github.com/outofoffice3/aws-samples/aws-config-iam-policy-scan/internal/worker/custompolicyscanworker.go:528.4,530.12 3 1
github.com/outofoffice3/aws-samples/aws-config-iam-policy-scan/internal/worker/custompolicyscanworker.go:535.96,540.55 2 1
github.com/outofoffice3/aws-samples/aws-config-iam-policy-scan/internal/worker/custompolicyscanworker.go:540.55,542.17 2 1
github.com/outofoffice3/aws-samples/aws-config-iam-policy-scan/internal/worker/custompolicyscanworker.go:542.17,545.4 2 1
github.com/outofoffice3/aws-samples/aws-config-iam-policy-scan/internal/worker/custompolicyscanworker.go:547.3,547.86 1 1
github.com/outofoffice3/aws-samples/aws-config-iam-policy-scan/internal/worker/custompolicyscanworker.go:547.86,555.18 2 1
github.com/outofoffice3/aws-samples/aws-config-iam-policy-scan/internal/worker/custompolicyscanworker.go:555.18,573.13 2 1
github.com/outofoffice3/aws-samples/aws-config-iam-policy-scan/internal/worker/custompolicyscanworker.go:577.4,577.26 1 1
github.com/outofoffice3/aws-samples/aws-config-iam-policy-scan/internal/worker/custompolicyscanworker.go:577.26,582.11 2 1
github.com/outofoffice3/aws-samples/aws-config-iam-policy-scan/internal/worker/custompolicyscanworker.go:582.11,594.14 6 1
github.com/outofoffice3/aws-samples/aws-config-iam-policy-scan/internal/worker/custompolicyscanworker.go:596.5,596.67 1 1
github.com/outofoffice3/aws-samples/aws-config-iam-policy-scan/internal/worker/custompolicyscanworker.go:600.4,613.26 3 1
github.com/outofoffice3/aws-samples/aws-config-iam-policy-scan/internal/worker/custompolicyscanworker.go:613.26,624.13 4 1
github.com/outofoffice3/aws-samples/aws-config-iam-policy-scan/internal/worker/custompolicyscanworker.go:626.4,628.12 3 1
github.com/outofoffice3/aws-samples/aws-config-iam-policy-scan/internal/worker/custompolicyscanworker.go:648.71,658.24 4 1
github.com/outofoffice3/aws-samples/aws-config-iam-policy-scan/internal/worker/custompolicyscanworker.go:658.24,670.3 4 1
github.com/outofoffice3/aws-samples/aws-config-iam-policy-scan/internal/worker/custompolicyscanworker.go:671.2,672.12 2 1
github.com/outofoffice3/aws-samples/aws-config-iam-policy-scan/internal/worker/custompolicyscanworker.go:684.76,695.2 4 1
github.com/outofoffice3/aws-samples/aws-config-iam-policy-scan/internal/worker/custompolicyscanworker.go:700.74,704.22 4 1
github.com/outofoffice3/aws-samples/aws-config-iam-policy-scan/internal/worker/custompolicyscanworker.go:704.22,707.3 2 1
github.com/outofoffice3/aws-samples/aws-config-iam-policy-scan/internal/worker/custompolicyscanworker.go:708.2,709.40 2 1
github.com/outofoffice3/aws-samples/aws-config-iam-policy-scan/internal/worker/custompolicyscanworker.go:709.40,712.3 2 1
github.com/outofoffice3/aws-samples/aws-config-iam-policy-scan/internal/worker/custompolicyscanworker.go:714.2,719.16 4 1
github.com/outofoffice3/aws-samples/aws-config-iam-policy-scan/internal/worker/custompolicyscanworker.go:719.16,722.3 2 0
github.com/outofoffice3/aws-samples/aws-config-iam-policy-scan/internal/worker/custompolicyscanworker.go:723.2,727.24 3 1
github.com/outofoffice3/aws-samples/aws-config-iam-policy-scan/internal/worker/custompolicyscanworker.go:727.24,730.3 1 1
github.com/outofoffice3/aws-samples/aws-config-iam-policy-scan/internal/worker/custompolicyscanworker.go:731.2,731.12 1 1
github.com/outofoffice3/aws-samples/aws-config-iam-policy-scan/internal/worker/custompolicyscanworker.go:788.50,790.2 1 1
github.com/outofoffice3/aws-samples/aws-config-iam-policy-scan/internal/worker/custompolicyscanworker.go:792.102,795.135 2 1
github.com/outofoffice3/aws-samples/aws-config-iam-policy-scan/internal/worker/custompolicyscanworker.go:795.135,797.3 1 1
github.com/outofoffice3/aws-samples/aws-config-iam-policy-scan/internal/worker/custompolicyscanworker.go:800.2,801.24 2 1
github.com/outofoffice3/aws-samples/aws-config-iam-policy-scan/internal/worker/custompolicyscanworker.go:801.24,803.3 1 1
github.com/outofoffice3/aws-samples/aws-config-iam-policy-scan/internal/worker/custompolicyscanworker.go:806.2,807.16 2 1
github.com/outofoffice3/aws-samples/aws-config-iam-policy-scan/internal/worker/custompolicyscanworker.go:807.16,809.3 1 1
github.com/outofoffice3/aws-samples/aws-config-iam-policy-scan/internal/worker/custompolicyscanworker.go:812.2,828.36 5 1
github.com/outofoffice3/aws-samples/aws-config-iam-policy-scan/internal/worker/custompolicyscanworker.go:832.64,845.66 11 1
github.com/outofoffice3/aws-samples/aws-config-iam-policy-scan/internal/worker/custompolicyscanworker.go:845.66,853.3 3 1
github.com/outofoffice3/aws-samples/aws-config-iam-policy-scan/internal/worker/custompolicyscanworker.go:855.2,878.16 8 1
github.com/outofoffice3/aws-samples/aws-config-iam-policy-scan/internal/worker/custompolicyscanworker.go:878.16,882.3 3 0
github.com/outofoffice3/aws-samples/aws-config-iam-policy-scan/internal/worker/custompolicyscanworker.go:887.48,888.2 0 1
github.com/outofoffice3/aws-samples/aws-config-iam-policy-scan/internal/worker/custompolicyscanworker.go:899.74,901.130 1 1
github.com/outofoffice3/aws-samples/aws-config-iam-policy-scan/internal/worker/custompolicyscanworker.go:901.130,903.3 1 1
github.com/outofoffice3/aws-samples/aws-config-iam-policy-scan/internal/worker/custompolicyscanworker.go:905.2,919.16 4 1
github.com/outofoffice3/aws-samples/aws-config-iam-policy-scan/internal/worker/custompolicyscanworker.go:919.16,921.59 2 1
github.com/outofoffice3/aws-samples/aws-config-iam-policy-scan/internal/worker/custompolicyscanworker.go:921.59,930.18 3 1
github.com/outofoffice3/aws-samples/aws-config-iam-policy-scan/internal/worker/custompolicyscanworker.go:930.18,933.5 2 0
github.com/outofoffice3/aws-samples/aws-config-iam-policy-scan/internal/worker/custompolicyscanworker.go:934.4,935.39 2 1
github.com/outofoffice3/aws-samples/aws-config-iam-policy-scan/internal/worker/custompolicyscanworker.go:936.9,939.4 2 0
github.com/outofoffice3/aws-samples/aws-config-iam-policy-scan/internal/worker/custompolicyscanworker.go:943.2,943.74 1 1
github.com/outofoffice3/aws-samples/aws-config-iam-policy-scan/internal/worker/custompolicyscanworker.go:943.74,954.3 3 1
github.com/outofoffice3/aws-samples/aws-config-iam-policy-scan/internal/worker/custompolicyscanworker.go:954.8,962.17 2 1
github.com/outofoffice3/aws-samples/aws-config-iam-policy-scan/internal/worker/custompolicyscanworker.go:962.17,965.4 2 0
github.com/outofoffice3/aws-samples/aws-config-iam-policy-scan/internal/worker/custompolicyscanworker.go:966.3,967.38 2 1
github.com/outofoffice3/aws-samples/aws-config-iam-policy-scan/internal/worker/custompolicyscanworker.go:979.93,981.28 1 1
github.com/outofoffice3/aws-samples/aws-config-iam-policy-scan/internal/worker/custompolicyscanworker.go:981.28,984.3 2 1
github.com/outofoffice3/aws-samples/aws-config-iam-policy-scan/internal/worker/custompolicyscanworker.go:986.2,986.29 1 1
github.com/outofoffice3/aws-samples/aws-config-iam-policy-scan/internal/worker/custompolicyscanworker.go:986.29,989.3 2 1
github.com/outofoffice3/aws-samples/aws-config-iam-policy-scan/internal/worker/custompolicyscanworker.go:991.2,991.49 1 1
github.com/outofoffice3/aws-samples/aws-config-iam-policy-scan/internal/worker/custompolicyscanworker.go:991.49,999.3 1 1
github.com/outofoffice3/aws-samples/aws-config-iam-policy-scan/internal/worker/custompolicyscanworker.go:1001.2,1007.8 1 1
github.com/outofoffice3/aws-samples/aws-config-iam-policy-scan/internal/worker/orphanpolicyworker.go:36.90,39.16 2 1
github.com/outofoffice3/aws-samples/aws-config-iam-policy-scan/internal/worker/orphanpolicyworker.go:39.16,41.3 1 1
github.com/outofoffice3/aws-samples/aws-config-iam-policy-scan/internal/worker/orphanpolicyworker.go:43.2,43.40 1 1
github.com/outofoffice3/aws-samples/aws-config-iam-policy-scan/internal/worker/orphanpolicyworker.go:43.40,45.3 1 1
github.com/outofoffice3/aws-samples/aws-config-iam-policy-scan/internal/worker/orphanpolicyworker.go:47.2,47.31 1 1
github.com/outofoffice3/aws-samples/aws-config-iam-policy-scan/internal/worker/orphanpolicyworker.go:47.31,49.3 1 1
github.com/outofoffice3/aws-samples/aws-config-iam-policy-scan/internal/worker/orphanpolicyworker.go:51.2,60.17 4 1
github.com/outofoffice3/aws-samples/aws-config-iam-policy-scan/internal/worker/orphanpolicyworker.go:64.59,70.43 5 1
github.com/outofoffice3/aws-samples/aws-config-iam-policy-scan/internal/worker/orphanpolicyworker.go:70.43,72.17 2 1
github.com/outofoffice3/aws-samples/aws-config-iam-policy-scan/internal/worker/orphanpolicyworker.go:72.17,75.12 3 0
github.com/outofoffice3/aws-samples/aws-config-iam-policy-scan/internal/worker/orphanpolicyworker.go:77.3,77.54 1 1
github.com/outofoffice3/aws-samples/aws-config-iam-policy-scan/internal/worker/orphanpolicyworker.go:77.54,79.43 2 1
github.com/outofoffice3/aws-samples/aws-config-iam-policy-scan/internal/worker/orphanpolicyworker.go:79.43,98.5 7 1
github.com/outofoffice3/aws-samples/aws-config-iam-policy-scan/internal/worker/orphanpolicyworker.go:98.10,112.5 3 1
github.com/outofoffice3/aws-samples/aws-config-iam-policy-scan/internal/worker/orphanpolicyworker.go:115.2,115.114 1 1
github.com/outofoffice3/aws-samples/aws-config-iam-policy-scan/internal/worker/orphanpolicyworker.go:119.43,121.2 1 1
github.com/outofoffice3/aws-samples/aws-config-iam-policy-scan/internal/worker/worker.go:65.53,68.23 1 1
github.com/outofoffice3/aws-samples/aws-config-iam-policy-scan/internal/worker/worker.go:68.23,71.3 2 1
github.com/outofoffice3/aws-samples/aws-config-iam-policy-scan/internal/worker/worker.go:73.2,73.21 1 1
github.com/outofoffice3/aws-samples/aws-config-iam-policy-scan/internal/worker/worker.go:73.21,75.3 1 1
github.com/outofoffice3/aws-samples/aws-config-iam-policy-scan/internal/worker/worker.go:76.2,76.22 1 1
github.com/outofoffice3/aws-samples/aws-config-iam-policy-scan/internal/worker/worker.go:76.22,78.3 1 1
github.com/outofoffice3/aws-samples/aws-config-iam-policy-scan/internal/worker/worker.go:79.2,79.31 1 1
github.com/outofoffice3/aws-samples/aws-config-iam-policy-scan/internal/worker/worker.go:79.31,81.3 1 1
github.com/outofoffice3/aws-samples/aws-config-iam-policy-scan/internal/worker/worker.go:82.2,82.29 1 1
github.com/outofoffice3/aws-samples/aws-config-iam-policy-scan/internal/worker/worker.go:82.29,84.3 1 1
github.com/outofoffice3/aws-samples/aws-config-iam-policy-scan/internal/worker/worker.go:85.2,85.32 1 1
github.com/outofoffice3/aws-samples/aws-config-iam-policy-scan/internal/worker/worker.go:85.32,87.3 1 1
github.com/outofoffice3/aws-samples/aws-config-iam-policy-scan/internal/worker/worker.go:89.2,102.20 5 1
github.com/outofoffice3/aws-samples/aws-config-iam-policy-scan/internal/worker/worker.go:106.25,108.37 2 1
github.com/outofoffice3/aws-samples/aws-config-iam-policy-scan/internal/worker/worker.go:108.37,110.3 1 1
github.com/outofoffice3/aws-samples/aws-config-iam-policy-scan/internal/worker/worker.go:111.2,112.24 2 1
github.com/outofoffice3/aws-samples/aws-config-iam-policy-scan/internal/worker/worker.go:112.24,115.3 2 1
github.com/outofoffice3/aws-samples/aws-config-iam-policy-scan/internal/worker/worker.go:116.2,116.46 1 1
github.com/outofoffice3/aws-samples/aws-config-iam-policy-scan/internal/worker/worker.go:120.74,122.2 1 1
github.com/outofoffice3/aws-samples/aws-config-iam-policy-scan/internal/worker/worker.go:125.59,127.2 1 1
github.com/outofoffice3/aws-samples/aws-config-iam-policy-scan/internal/worker/worker.go:130.63,132.2 1 1
github.com/outofoffice3/aws-samples/aws-config-iam-policy-scan/internal/worker/worker.go:135.34,137.2 1 1
github.com/outofoffice3/aws-samples/aws-config-iam-policy-scan/internal/worker/worker.go:140.48,142.2 1 1
github.com/outofoffice3/aws-samples/aws-config-iam-policy-scan/internal/worker/worker.go:145.46,147.2 1 1
github.com/outofoffice3/aws-samples/aws-config-iam-policy-scan/internal/worker/worker.go:150.41,152.2 1 1
github.com/outofoffice3/aws-samples/aws-config-iam-policy-scan/internal/worker/worker.go:155.50,157.2 1 0
