mode: set
github.com/outofoffice3/aws-samples/aws-config-iam-policy-scan/internal/sdkclientmgr/awsclientmgr.go:50.72,53.32 1 0
github.com/outofoffice3/aws-samples/aws-config-iam-policy-scan/internal/sdkclientmgr/awsclientmgr.go:53.32,55.3 1 0
github.com/outofoffice3/aws-samples/aws-config-iam-policy-scan/internal/sdkclientmgr/awsclientmgr.go:58.2,58.35 1 0
github.com/outofoffice3/aws-samples/aws-config-iam-policy-scan/internal/sdkclientmgr/awsclientmgr.go:58.35,60.3 1 0
github.com/outofoffice3/aws-samples/aws-config-iam-policy-scan/internal/sdkclientmgr/awsclientmgr.go:63.2,63.34 1 0
github.com/outofoffice3/aws-samples/aws-config-iam-policy-scan/internal/sdkclientmgr/awsclientmgr.go:63.34,65.3 1 0
github.com/outofoffice3/aws-samples/aws-config-iam-policy-scan/internal/sdkclientmgr/awsclientmgr.go:67.2,85.48 12 0
github.com/outofoffice3/aws-samples/aws-config-iam-policy-scan/internal/sdkclientmgr/awsclientmgr.go:85.48,94.3 6 0
github.com/outofoffice3/aws-samples/aws-config-iam-policy-scan/internal/sdkclientmgr/awsclientmgr.go:96.2,96.19 1 0
github.com/outofoffice3/aws-samples/aws-config-iam-policy-scan/internal/sdkclientmgr/awsclientmgr.go:99.37,103.2 1 1
github.com/outofoffice3/aws-samples/aws-config-iam-policy-scan/internal/sdkclientmgr/awsclientmgr.go:106.99,107.42 1 1
github.com/outofoffice3/aws-samples/aws-config-iam-policy-scan/internal/sdkclientmgr/awsclientmgr.go:107.42,109.3 1 1
github.com/outofoffice3/aws-samples/aws-config-iam-policy-scan/internal/sdkclientmgr/awsclientmgr.go:110.2,114.36 2 1
github.com/outofoffice3/aws-samples/aws-config-iam-policy-scan/internal/sdkclientmgr/awsclientmgr.go:118.105,119.59 1 1
github.com/outofoffice3/aws-samples/aws-config-iam-policy-scan/internal/sdkclientmgr/awsclientmgr.go:119.59,121.3 1 1
github.com/outofoffice3/aws-samples/aws-config-iam-policy-scan/internal/sdkclientmgr/awsclientmgr.go:123.2,127.21 2 1
github.com/outofoffice3/aws-samples/aws-config-iam-policy-scan/internal/sdkclientmgr/awsclientmgr.go:128.17,129.41 1 1
github.com/outofoffice3/aws-samples/aws-config-iam-policy-scan/internal/sdkclientmgr/awsclientmgr.go:129.41,131.4 1 1
github.com/outofoffice3/aws-samples/aws-config-iam-policy-scan/internal/sdkclientmgr/awsclientmgr.go:132.21,133.63 1 1
github.com/outofoffice3/aws-samples/aws-config-iam-policy-scan/internal/sdkclientmgr/awsclientmgr.go:133.63,135.4 1 1
github.com/outofoffice3/aws-samples/aws-config-iam-policy-scan/internal/sdkclientmgr/awsclientmgr.go:136.18,137.43 1 1
github.com/outofoffice3/aws-samples/aws-config-iam-policy-scan/internal/sdkclientmgr/awsclientmgr.go:137.43,139.4 1 1
github.com/outofoffice3/aws-samples/aws-config-iam-policy-scan/internal/sdkclientmgr/awsclientmgr.go:140.29,141.65 1 1
github.com/outofoffice3/aws-samples/aws-config-iam-policy-scan/internal/sdkclientmgr/awsclientmgr.go:141.65,143.4 1 1
github.com/outofoffice3/aws-samples/aws-config-iam-policy-scan/internal/sdkclientmgr/awsclientmgr.go:144.10,145.44 1 0
github.com/outofoffice3/aws-samples/aws-config-iam-policy-scan/internal/sdkclientmgr/awsclientmgr.go:148.2,149.12 2 1
